[2026-01-15 06:57:29,194]   INFO -  jetbrains.buildServer.STARTUP - Path to the startup configuration file: /opt/teamcity/bin/../conf/teamcity-startup.properties
[2026-01-15 06:57:29,452]   INFO -   jetbrains.buildServer.SERVER - Using logs directory "/opt/teamcity/logs"
[2026-01-15 06:57:29,706]   INFO -  jetbrains.buildServer.STARTUP - 






[2026-01-15 06:57:29,712]   INFO -  jetbrains.buildServer.STARTUP - ===========================================================
[2026-01-15 06:57:29,714]   INFO -  jetbrains.buildServer.STARTUP - Starting TeamCity server
[2026-01-15 06:57:30,016]   INFO -  jetbrains.buildServer.STARTUP - TeamCity version: 2025.11 (build 207946), data format version 1032
[2026-01-15 06:57:30,026]   INFO -  jetbrains.buildServer.STARTUP - OS: Linux, version 5.15.153.1-microsoft-standard-WSL2, amd64, Current user: root, Time zone: GMT (UTC)
[2026-01-15 06:57:30,027]   INFO -  jetbrains.buildServer.STARTUP - Java: 21.0.9, OpenJDK 64-Bit Server VM (21.0.9+10-LTS, mixed mode, sharing), OpenJDK Runtime Environment (21.0.9+10-LTS), Amazon.com Inc.; JVM parameters: --add-opens=jdk.management/com.sun.management.internal=ALL-UNNAMED -XX:+IgnoreUnrecognizedVMOptions -Djava.security.manager=allow --add-opens=java.base/java.lang=ALL-UNNAMED --add-opens=java.base/java.lang.invoke=ALL-UNNAMED --add-opens=java.base/java.lang.reflect=ALL-UNNAMED --add-opens=java.base/java.io=ALL-UNNAMED --add-opens=java.base/java.util=ALL-UNNAMED --add-opens=java.base/java.util.concurrent=ALL-UNNAMED --add-opens=java.rmi/sun.rmi.transport=ALL-UNNAMED -Djava.util.logging.config.file=/opt/teamcity/conf/logging.properties -Djava.util.logging.manager=org.apache.juli.ClassLoaderLogManager -Djdk.tls.ephemeralDHKeySize=2048 -Djava.protocol.handler.pkgs=org.apache.catalina.webresources -Dsun.io.useCanonCaches=false -Dorg.apache.catalina.security.SecurityListener.UMASK=0027 -Xmx2g -XX:ReservedCodeCacheSize=640m -Dteamcity.configuration.path=../conf/teamcity-startup.properties -Dlog4j2.configurationFile=file:/opt/teamcity/bin/../conf/teamcity-server-log4j.xml -Dteamcity_logs=/opt/teamcity/bin/../logs -Djava.awt.headless=true -Dignore.endorsed.dirs= -Dcatalina.base=/opt/teamcity -Dcatalina.home=/opt/teamcity -Djava.io.tmpdir=/opt/teamcity/temp
[2026-01-15 06:57:30,032]   INFO -  jetbrains.buildServer.STARTUP - Garbage collection: G1 Young Generation, G1 Concurrent GC, G1 Old Generation
[2026-01-15 06:57:30,033]   INFO -  jetbrains.buildServer.STARTUP - Web server version: Apache Tomcat/9.0.108
[2026-01-15 06:57:30,040]   INFO -  jetbrains.buildServer.STARTUP - Server IP addresses: 172.17.0.2
[2026-01-15 06:57:30,047]   INFO -  jetbrains.buildServer.STARTUP - Web server ports: 8111 (protocol: HTTP/1.1, scheme: http), 8105 (shutdown port)
[2026-01-15 06:57:30,049]   INFO -  jetbrains.buildServer.STARTUP - Context path: "/", servlet real path: "/opt/teamcity/webapps/ROOT"
[2026-01-15 06:57:30,064]   INFO -  jetbrains.buildServer.STARTUP - TeamCity distribution type: docker-ubuntu
[2026-01-15 06:57:30,110]   INFO -  jetbrains.buildServer.STARTUP - TeamCity server node id: MAIN_SERVER
[2026-01-15 06:57:30,120]   INFO -  jetbrains.buildServer.STARTUP - Version file lock was successfully obtained: /opt/teamcity/webapps/ROOT/BUILD_207946
[2026-01-15 06:57:30,175]   INFO -  jetbrains.buildServer.STARTUP - Current stage: Looking for the TeamCity Data Directory
[2026-01-15 06:57:30,179]   INFO -  jetbrains.buildServer.STARTUP - The TeamCity Data Directory path is determined using the environment variable TEAMCITY_DATA_PATH
[2026-01-15 06:57:30,199]   INFO -  jetbrains.buildServer.STARTUP - The TeamCity Data Directory "/data/teamcity_server/datadir" exists
[2026-01-15 06:57:30,204]   INFO -  jetbrains.buildServer.STARTUP - Asking user to confirm first start with the predefined TeamCity Data Directory path
[2026-01-15 06:57:30,220]   INFO -  jetbrains.buildServer.STARTUP - Startup confirmation is required. Open TeamCity web page in the browser. Server is running at http://localhost:8111
[2026-01-15 06:57:30,221]   INFO -  jetbrains.buildServer.STARTUP - Current stage: Confirming TeamCity first start (administrator login is required to proceed)
